--BREAK--
[1949.4]SimOS started in /SimOS on 21 at 9:15 AM
[1949.85]Played logo animation.
[1953.15]Saved registry.
[1954.15]User entered shutdown menu.
--BREAK--
[335.9]SimOS started in /SimOS on 1 at 7:09 AM
[336.35]Played logo animation.
[339.75]Saved registry.
[341.3]User entered shutdown menu.
--BREAK--
[47.6]SimOS started in /SimOS on 1 at 7:09 AM
[48.05]Played logo animation.
[49.25]User entered advanced startup menu.
--BREAK--
[1485.1]SimOS started in /SimOS on 21 at 9:15 AM
[1485.55]Played logo animation.
[1486.55]User entered advanced startup menu.
--BREAK--
[1487.75]SimOS started in /SimOS on 21 at 9:15 AM
[1488.2]Played logo animation.
[1492.7]Saved registry.
[1494.8]User entered shutdown menu.
